<?xml version="1.0" encoding="UTF-8"?>
<!-- Generated by org.testng.reporters.JUnitReportReporter -->
<testsuite hostname="DESKTOP-OJ9MCVM" failures="0" tests="1" name="testClass.post_1" time="6.863" errors="0" timestamp="2023-06-12T23:23:57 IST" skipped="0">
  <testcase classname="testClass.post_1" name="execute" time="6.863"/>
  <system-out/>
</testsuite> <!-- testClass.post_1 -->
